2019-09-08 13:59:10 INFO  PluginTasksProjectComponent.projectOpened(77) - ---------- Project opened ----------
2019-09-08 13:59:10 INFO  PluginTasksProjectComponent.projectOpened(78) - ---------- Version 3.33 ----------

2019-09-08 13:59:10 INFO  ApacheHttpClient.createAsyncHttpClient(133) - 1 proxies selected. Type: DIRECT
2019-09-08 13:59:11 INFO  ApacheHttpClient.<init>(91) - ApacheHttpClient was successfully instantiated.
2019-09-08 13:59:13 INFO  ApacheHttpClient.testConnection(191) - responseCode = 200
2019-09-08 13:59:13 INFO  ApacheHttpClient.testConnection(206) - result = true
2019-09-08 13:59:13 INFO  ApacheHttpClient.isSessionAppropriateWithSecretKey(570) - The session is not set in the property file.
2019-09-08 13:59:15 INFO  ApacheHttpClient.login(236) - Waiting for server response.
2019-09-08 13:59:15 INFO  ApacheHttpClient.login(236) - Waiting for server response.
2019-09-08 13:59:15 INFO  ApacheHttpClient.login(240) - responseCode = 200
2019-09-08 13:59:15 INFO  ApacheHttpClient.login(263) - JSESSIONID OK
2019-09-08 13:59:15 INFO  ApacheHttpClient.refreshUserInfo(291) - responseCode = 200
2019-09-08 13:59:16 INFO  ApacheHttpClient.refreshUserInfo(297) - User information received.
2019-09-08 13:59:16 INFO  ApacheHttpClient.startGA(35) - GAService started.
2019-09-08 13:59:17 INFO  AbstractRestApiClient.startService(71) - EventsService started.
2019-09-08 13:59:27 INFO  ApacheHttpClient.getWebResourceAsStream(483) - responseCode = 200
2019-09-08 13:59:29 INFO  ApacheHttpClient.getWebResourceAsStream(483) - responseCode = 200
2019-09-08 14:00:17 INFO  ApacheHttpClient.sendEvent(516) - responseCode = 200
2019-09-08 14:00:17 INFO  ApacheHttpClient.sendEvent(516) - responseCode = 200
2019-09-08 14:01:17 INFO  ApacheHttpClient.sendEvent(516) - responseCode = 200
2019-09-08 14:01:17 INFO  ApacheHttpClient.sendEvent(516) - responseCode = 200
2019-09-08 14:02:17 INFO  ApacheHttpClient.sendEvent(516) - responseCode = 200
2019-09-08 14:02:17 INFO  ApacheHttpClient.sendEvent(516) - responseCode = 200
2019-09-08 14:03:17 INFO  ApacheHttpClient.sendEvent(516) - responseCode = 200
2019-09-08 14:03:17 INFO  ApacheHttpClient.sendEvent(516) - responseCode = 200
2019-09-08 14:04:17 INFO  ApacheHttpClient.sendEvent(516) - responseCode = 200
2019-09-08 14:04:17 INFO  ApacheHttpClient.sendEvent(516) - responseCode = 200
2019-09-08 14:05:17 INFO  ApacheHttpClient.sendEvent(516) - responseCode = 200
2019-09-08 14:05:17 INFO  ApacheHttpClient.sendEvent(516) - responseCode = 200
2019-09-08 14:06:17 INFO  ApacheHttpClient.sendEvent(516) - responseCode = 200
2019-09-08 14:06:17 INFO  ApacheHttpClient.sendEvent(516) - responseCode = 200
